<?xml version="1.0" encoding="utf-8"?><testsuites><testsuite name="pytest" errors="0" failures="0" skipped="0" tests="8" time="136.972" timestamp="2021-02-20T00:39:32.522253" hostname="Drs-MBP-4.fritz.box"><testcase classname="tests.test_5_3_ps_herald" name="test_ps_herald[TESTING]" time="16.373" /><testcase classname="tests.test_5_3_ps_herald" name="test_ps_herald[DEVELOPMENT]" time="16.441" /><testcase classname="tests.test_5_3_ps_herald" name="test_ps_herald[INTEGRATION]" time="16.952" /><testcase classname="tests.test_5_3_ps_herald" name="test_ps_herald[PRODUCTION]" time="16.254" /><testcase classname="tests.test_5_3_ps_herald" name="test_ps_herald_rm_log[TESTING]" time="16.041" /><testcase classname="tests.test_5_3_ps_herald" name="test_ps_herald_rm_log[DEVELOPMENT]" time="17.278" /><testcase classname="tests.test_5_3_ps_herald" name="test_ps_herald_rm_log[INTEGRATION]" time="19.162" /><testcase classname="tests.test_5_3_ps_herald" name="test_ps_herald_rm_log[PRODUCTION]" time="18.073" /></testsuite></testsuites>