<?xml version="1.0" encoding="utf-8"?><testsuites><testsuite name="pytest" errors="0" failures="0" skipped="0" tests="8" time="152.991" timestamp="2021-02-19T15:51:19.095388" hostname="Drs-MBP-4.fritz.box"><testcase classname="tests.test_5_3_ps_herald" name="test_ps_herald[TESTING]" time="21.090" /><testcase classname="tests.test_5_3_ps_herald" name="test_ps_herald[DEVELOPMENT]" time="23.327" /><testcase classname="tests.test_5_3_ps_herald" name="test_ps_herald[INTEGRATION]" time="18.738" /><testcase classname="tests.test_5_3_ps_herald" name="test_ps_herald[PRODUCTION]" time="17.527" /><testcase classname="tests.test_5_3_ps_herald" name="test_ps_herald_rm_log[TESTING]" time="17.101" /><testcase classname="tests.test_5_3_ps_herald" name="test_ps_herald_rm_log[DEVELOPMENT]" time="18.063" /><testcase classname="tests.test_5_3_ps_herald" name="test_ps_herald_rm_log[INTEGRATION]" time="18.295" /><testcase classname="tests.test_5_3_ps_herald" name="test_ps_herald_rm_log[PRODUCTION]" time="18.421" /></testsuite></testsuites>